<?xml version="1.0" encoding="UTF-8"?>
<!-- Generated by org.testng.reporters.JUnitXMLReporter -->
<testsuite ignored="1" hostname="DESKTOP-LA1TNP2" failures="0" tests="1" name="Test(failed)(failed)" time="0.169" errors="0" timestamp="2023-11-29T12:11:55 IST">
  <testcase classname="testNGExecution.Test2" name="method2" time="0.028"/>
  <testcase classname="testNGExecution.Test2" name="method1" time="0.0">
    <ignored/>
  </testcase> <!-- method1 -->
</testsuite> <!-- Test(failed)(failed) -->
