<?xml version="1.0" encoding="UTF-8"?>
<!-- Generated by org.testng.reporters.JUnitXMLReporter -->
<testsuite ignored="1" hostname="DESKTOP-LA1TNP2" failures="1" tests="1" name="Test(failed)" time="0.105" errors="0" timestamp="2023-11-29T12:05:28 IST">
  <testcase classname="testNGExecution.Test2" name="method2" time="0.017">
    <failure type="java.lang.ArithmeticException" message="/ by zero">
      <![CDATA[java.lang.ArithmeticException: / by zero
at testNGExecution.Test2.method2(Test2.java:16)
at java.base/java.util.ArrayList.forEach(ArrayList.java:1511)
... Removed 27 stack frames]]>
    </failure>
  </testcase> <!-- method2 -->
  <testcase classname="testNGExecution.Test2" name="method1" time="0.0">
    <ignored/>
  </testcase> <!-- method1 -->
</testsuite> <!-- Test(failed) -->
