<?xml version="1.0" encoding="UTF-8"?>
<!-- Generated by org.testng.reporters.JUnitXMLReporter -->
<testsuite ignored="0" hostname="DESKTOP-LA1TNP2" failures="0" tests="6" name="Test" time="0.179" errors="0" timestamp="2023-11-30T12:03:09 IST">
  <testcase classname="testNGExecution.Test2" name="method1" time="0.023"/>
  <testcase classname="testNGExecution.Test2" name="method2" time="0.03"/>
  <testcase classname="testNGExecution.Test1" name="method1" time="0.028"/>
  <testcase classname="testNGExecution.Test3" name="method1" time="0.029"/>
  <testcase classname="testNGExecution.Test1" name="method2" time="0.025"/>
  <testcase classname="testNGExecution.Test3" name="method2" time="0.031"/>
</testsuite> <!-- Test -->
